{"numFailedTestSuites":0,"numFailedTests":0,"numPassedTestSuites":1,"numPassedTests":20,"numPendingTestSuites":0,"numPendingTests":0,"numRuntimeErrorTestSuites":0,"numTodoTests":0,"numTotalTestSuites":1,"numTotalTests":20,"openHandles":[],"snapshot":{"added":0,"didUpdate":false,"failure":false,"filesAdded":0,"filesRemoved":0,"filesRemovedList":[],"filesUnmatched":0,"filesUpdated":0,"matched":0,"total":0,"unchecked":0,"uncheckedKeysByFile":[],"unmatched":0,"updated":0},"startTime":1684472264555,"success":true,"testResults":[{"assertionResults":[{"ancestorTitles":["App.js React Router 설치"],"failureMessages":[],"fullName":"App.js React Router 설치 react-router-dom 를 npm 으로 설치해야 합니다. (react-router-dom)","location":null,"status":"passed","title":"react-router-dom 를 npm 으로 설치해야 합니다. (react-router-dom)"},{"ancestorTitles":["App.js React Router 컴포넌트 적용"],"failureMessages":[],"fullName":"App.js React Router 컴포넌트 적용 React Router 컴포넌트로 Routes와 Route 컴포넌트가 있어야 합니다.","location":null,"status":"passed","title":"React Router 컴포넌트로 Routes와 Route 컴포넌트가 있어야 합니다."},{"ancestorTitles":["App.js React Router 컴포넌트 적용"],"failureMessages":[],"fullName":"App.js React Router 컴포넌트 적용 App 컴포넌트의 후손 컴포넌트로 Sidebar 컴포넌트가 있어야 합니다.","location":null,"status":"passed","title":"App 컴포넌트의 후손 컴포넌트로 Sidebar 컴포넌트가 있어야 합니다."},{"ancestorTitles":["App.js React Router 컴포넌트 적용","주소에 따른 페이지 뷰 구현을 위해"],"failureMessages":[],"fullName":"App.js React Router 컴포넌트 적용 주소에 따른 페이지 뷰 구현을 위해 Route path가 \"/\" 인 Tweets 컴포넌트가 있어야 합니다.","location":null,"status":"passed","title":"Route path가 \"/\" 인 Tweets 컴포넌트가 있어야 합니다."},{"ancestorTitles":["App.js React Router 컴포넌트 적용","주소에 따른 페이지 뷰 구현을 위해"],"failureMessages":[],"fullName":"App.js React Router 컴포넌트 적용 주소에 따른 페이지 뷰 구현을 위해 Route path가 \"/about\" 인 About 컴포넌트가 있어야 합니다.","location":null,"status":"passed","title":"Route path가 \"/about\" 인 About 컴포넌트가 있어야 합니다."},{"ancestorTitles":["App.js React Router 컴포넌트 적용","주소에 따른 페이지 뷰 구현을 위해"],"failureMessages":[],"fullName":"App.js React Router 컴포넌트 적용 주소에 따른 페이지 뷰 구현을 위해 Route path가 \"/mypage\" 인 MyPage 컴포넌트가 있어야 합니다.","location":null,"status":"passed","title":"Route path가 \"/mypage\" 인 MyPage 컴포넌트가 있어야 합니다."},{"ancestorTitles":["Sidebar.js 사이드바 구현"],"failureMessages":[],"fullName":"Sidebar.js 사이드바 구현 Font Awesome을 이용한 Tweets 메뉴 아이콘이 있어야 합니다.(className : \".far .fa-comment-dots\")","location":null,"status":"passed","title":"Font Awesome을 이용한 Tweets 메뉴 아이콘이 있어야 합니다.(className : \".far .fa-comment-dots\")"},{"ancestorTitles":["Sidebar.js 사이드바 구현"],"failureMessages":[],"fullName":"Sidebar.js 사이드바 구현 Font Awesome을 이용한 About 메뉴 아이콘이 있어야 합니다.(className : \".far .fa-question-circle\")","location":null,"status":"passed","title":"Font Awesome을 이용한 About 메뉴 아이콘이 있어야 합니다.(className : \".far .fa-question-circle\")"},{"ancestorTitles":["Sidebar.js 사이드바 구현"],"failureMessages":[],"fullName":"Sidebar.js 사이드바 구현 Font Awesome을 이용한 MyPage 메뉴 아이콘이 있어야 합니다.(className : \".far .fa-user\")","location":null,"status":"passed","title":"Font Awesome을 이용한 MyPage 메뉴 아이콘이 있어야 합니다.(className : \".far .fa-user\")"},{"ancestorTitles":["Sidebar.js 사이드바 구현","Sidebar 컴포넌트에는"],"failureMessages":[],"fullName":"Sidebar.js 사이드바 구현 Sidebar 컴포넌트에는 React Router의 Link 컴포넌트가 3개 있어야 합니다.","location":null,"status":"passed","title":"React Router의 Link 컴포넌트가 3개 있어야 합니다."},{"ancestorTitles":["Sidebar.js 사이드바 구현","Sidebar 컴포넌트에는"],"failureMessages":[],"fullName":"Sidebar.js 사이드바 구현 Sidebar 컴포넌트에는 Tweets 아이콘의 Link 컴포넌트는 \"/\" 로 연결되야 합니다.","location":null,"status":"passed","title":"Tweets 아이콘의 Link 컴포넌트는 \"/\" 로 연결되야 합니다."},{"ancestorTitles":["Sidebar.js 사이드바 구현","Sidebar 컴포넌트에는"],"failureMessages":[],"fullName":"Sidebar.js 사이드바 구현 Sidebar 컴포넌트에는 About 아이콘의 Link 컴포넌트는 \"/about\" 로 연결되야 합니다.","location":null,"status":"passed","title":"About 아이콘의 Link 컴포넌트는 \"/about\" 로 연결되야 합니다."},{"ancestorTitles":["Sidebar.js 사이드바 구현","Sidebar 컴포넌트에는"],"failureMessages":[],"fullName":"Sidebar.js 사이드바 구현 Sidebar 컴포넌트에는 MyPage 아이콘의 Link 컴포넌트는 \"/mypage\" 로 연결되야 합니다.","location":null,"status":"passed","title":"MyPage 아이콘의 Link 컴포넌트는 \"/mypage\" 로 연결되야 합니다."},{"ancestorTitles":["MyPage.js Components"],"failureMessages":[],"fullName":"MyPage.js Components MyPage 컴포넌트의 자식 컴포넌트로 Footer 컴포넌트가 있어야 합니다.","location":null,"status":"passed","title":"MyPage 컴포넌트의 자식 컴포넌트로 Footer 컴포넌트가 있어야 합니다."},{"ancestorTitles":["MyPage.js Components","MyPage 데이터 렌더링 테스트"],"failureMessages":[],"fullName":"MyPage.js Components MyPage 데이터 렌더링 테스트 kimcoding이 작성한 트윗만 보여야 합니다.","location":null,"status":"passed","title":"kimcoding이 작성한 트윗만 보여야 합니다."},{"ancestorTitles":["Tweets.js Components"],"failureMessages":[],"fullName":"Tweets.js Components Tweets 컴포넌트의 후손 컴포넌트로 Footer 컴포넌트가 있어야 합니다.","location":null,"status":"passed","title":"Tweets 컴포넌트의 후손 컴포넌트로 Footer 컴포넌트가 있어야 합니다."},{"ancestorTitles":["Tweets.js Components","Tweets 데이터 렌더링 테스트"],"failureMessages":[],"fullName":"Tweets.js Components Tweets 데이터 렌더링 테스트 dummyTweets의 길이 만큼 트윗이 보여야 합니다.","location":null,"status":"passed","title":"dummyTweets의 길이 만큼 트윗이 보여야 합니다."},{"ancestorTitles":["React Router로 SPA 구현하기"],"failureMessages":[],"fullName":"React Router로 SPA 구현하기 처음 접속 시, URL path가 \"/\" 이여야 합니다.","location":null,"status":"passed","title":"처음 접속 시, URL path가 \"/\" 이여야 합니다."},{"ancestorTitles":["React Router로 SPA 구현하기"],"failureMessages":[],"fullName":"React Router로 SPA 구현하기 About 메뉴를 누르면 URL path가 /about으로 라우트 되어야 합니다.","location":null,"status":"passed","title":"About 메뉴를 누르면 URL path가 /about으로 라우트 되어야 합니다."},{"ancestorTitles":["React Router로 SPA 구현하기"],"failureMessages":[],"fullName":"React Router로 SPA 구현하기 MyPage 메뉴를 누르면 URL path가 /mypage로 라우트 되어야 합니다.","location":null,"status":"passed","title":"MyPage 메뉴를 누르면 URL path가 /mypage로 라우트 되어야 합니다."}],"endTime":1684472268809,"message":"","name":"C:\\Users\\Admin\\Desktop\\코딩공부\\코드스테이츠\\week6\\fe-sprint-react-twittler-spa-main\\src\\__tests__\\App.test.js","startTime":1684472265682,"status":"passed","summary":""}],"wasInterrupted":false}