{"numFailedTestSuites":0,"numFailedTests":0,"numPassedTestSuites":1,"numPassedTests":19,"numPendingTestSuites":0,"numPendingTests":0,"numRuntimeErrorTestSuites":0,"numTodoTests":0,"numTotalTestSuites":1,"numTotalTests":19,"openHandles":[],"snapshot":{"added":0,"didUpdate":false,"failure":false,"filesAdded":0,"filesRemoved":0,"filesRemovedList":[],"filesUnmatched":0,"filesUpdated":0,"matched":0,"total":0,"unchecked":0,"uncheckedKeysByFile":[],"unmatched":0,"updated":0},"startTime":1687239124727,"success":true,"testResults":[{"assertionResults":[{"ancestorTitles":["Modal UI 컴포넌트 기능 테스트","Modal 버튼 기능 테스트"],"failureMessages":[],"fullName":"Modal UI 컴포넌트 기능 테스트 Modal 버튼 기능 테스트 Modal 창을 띄워 줄 Open Modal 버튼이 있어야 합니다.","location":null,"status":"passed","title":"Modal 창을 띄워 줄 Open Modal 버튼이 있어야 합니다."},{"ancestorTitles":["Modal UI 컴포넌트 기능 테스트","Modal 버튼 기능 테스트"],"failureMessages":[],"fullName":"Modal UI 컴포넌트 기능 테스트 Modal 버튼 기능 테스트 버튼을 클릭하면 Modal 컴포넌트 내부에 Modal배경, Modal창 div 엘리먼트가 렌더링되어야 합니다.","location":null,"status":"passed","title":"버튼을 클릭하면 Modal 컴포넌트 내부에 Modal배경, Modal창 div 엘리먼트가 렌더링되어야 합니다."},{"ancestorTitles":["Modal UI 컴포넌트 기능 테스트","Modal 버튼 기능 테스트"],"failureMessages":[],"fullName":"Modal UI 컴포넌트 기능 테스트 Modal 버튼 기능 테스트 Modal창이 렌더링 된 상태에서 버튼을 다시 클릭하면 Modal배경, Modal창 div 엘리먼트가 사라집니다.","location":null,"status":"passed","title":"Modal창이 렌더링 된 상태에서 버튼을 다시 클릭하면 Modal배경, Modal창 div 엘리먼트가 사라집니다."},{"ancestorTitles":["Modal UI 컴포넌트 기능 테스트","Modal 버튼 기능 테스트"],"failureMessages":[],"fullName":"Modal UI 컴포넌트 기능 테스트 Modal 버튼 기능 테스트 Modal 창 밖을 클릭하면, Modal배경, Modal창 div 엘리먼트가 사라집니다.","location":null,"status":"passed","title":"Modal 창 밖을 클릭하면, Modal배경, Modal창 div 엘리먼트가 사라집니다."},{"ancestorTitles":["Toggle UI 컴포넌트 기능 테스트","Toggle 스위치 기능 테스트"],"failureMessages":[],"fullName":"Toggle UI 컴포넌트 기능 테스트 Toggle 스위치 기능 테스트 Toggle container를 클릭하면 'toggle--checked' class가 추가되어야 합니다.","location":null,"status":"passed","title":"Toggle container를 클릭하면 'toggle--checked' class가 추가되어야 합니다."},{"ancestorTitles":["Toggle UI 컴포넌트 기능 테스트","Toggle 스위치 기능 테스트"],"failureMessages":[],"fullName":"Toggle UI 컴포넌트 기능 테스트 Toggle 스위치 기능 테스트 Toggle switch를 클릭하면 'toggle--checked' class가 추가되어야 합니다.","location":null,"status":"passed","title":"Toggle switch를 클릭하면 'toggle--checked' class가 추가되어야 합니다."},{"ancestorTitles":["Tab UI 컴포넌트 기능 테스트","Tab Menu는 map을 이용한 반복을 통해 보여야 합니다."],"failureMessages":[],"fullName":"Tab UI 컴포넌트 기능 테스트 Tab Menu는 map을 이용한 반복을 통해 보여야 합니다. ul 엘리먼트 아래에는 li 엘리먼트가 3개 있어야 합니다.","location":null,"status":"passed","title":"ul 엘리먼트 아래에는 li 엘리먼트가 3개 있어야 합니다."},{"ancestorTitles":["Tab UI 컴포넌트 기능 테스트","Tab Menu 조작을 위한 currentTab 상태가 존재해야 합니다."],"failureMessages":[],"fullName":"Tab UI 컴포넌트 기능 테스트 Tab Menu 조작을 위한 currentTab 상태가 존재해야 합니다. currentTab 초기값은 0번째 인덱스여야 합니다.","location":null,"status":"passed","title":"currentTab 초기값은 0번째 인덱스여야 합니다."},{"ancestorTitles":["Tab UI 컴포넌트 기능 테스트","Tab Menu를 클릭하면 currentTab 상태가 변경되어야 합니다."],"failureMessages":[],"fullName":"Tab UI 컴포넌트 기능 테스트 Tab Menu를 클릭하면 currentTab 상태가 변경되어야 합니다. Tab 메뉴를 클릭하면 selectMenuHandler 함수가 실행되고, 해당 Tab 메뉴의 index 값이 인자로 전달됩니다","location":null,"status":"passed","title":"Tab 메뉴를 클릭하면 selectMenuHandler 함수가 실행되고, 해당 Tab 메뉴의 index 값이 인자로 전달됩니다"},{"ancestorTitles":["Tab UI 컴포넌트 기능 테스트","Tab Menu를 클릭하면 currentTab 상태가 변경되어야 합니다."],"failureMessages":[],"fullName":"Tab UI 컴포넌트 기능 테스트 Tab Menu를 클릭하면 currentTab 상태가 변경되어야 합니다. 클릭한 Tab 메뉴만 className 이 \"submenu focused\"로 변경됩니다.","location":null,"status":"passed","title":"클릭한 Tab 메뉴만 className 이 \"submenu focused\"로 변경됩니다."},{"ancestorTitles":["Tag UI 컴포넌트 기능 테스트","Enter 키 테스트"],"failureMessages":[],"fullName":"Tag UI 컴포넌트 기능 테스트 Enter 키 테스트 새로운 태그를 추가하는 기능은 Enter 키에 의해 실행되어야 합니다.","location":null,"status":"passed","title":"새로운 태그를 추가하는 기능은 Enter 키에 의해 실행되어야 합니다."},{"ancestorTitles":["Tag UI 컴포넌트 기능 테스트","Enter 키 테스트"],"failureMessages":[],"fullName":"Tag UI 컴포넌트 기능 테스트 Enter 키 테스트 Enter 키를 누르면 tag 를 추가하는 addTags 함수가 실행되어야 합니다.","location":null,"status":"passed","title":"Enter 키를 누르면 tag 를 추가하는 addTags 함수가 실행되어야 합니다."},{"ancestorTitles":["Tag UI 컴포넌트 기능 테스트","Enter 키 테스트"],"failureMessages":[],"fullName":"Tag UI 컴포넌트 기능 테스트 Enter 키 테스트 Enter키를 누르면 실제 태그가 추가되어야 합니다.","location":null,"status":"passed","title":"Enter키를 누르면 실제 태그가 추가되어야 합니다."},{"ancestorTitles":["Tag UI 컴포넌트 기능 테스트","Enter 키 테스트"],"failureMessages":[],"fullName":"Tag UI 컴포넌트 기능 테스트 Enter 키 테스트 아무것도 입력하지 않은 경우, Enter를 눌러도 태그가 추가되지 않아야 합니다.","location":null,"status":"passed","title":"아무것도 입력하지 않은 경우, Enter를 눌러도 태그가 추가되지 않아야 합니다."},{"ancestorTitles":["Tag UI 컴포넌트 기능 테스트","Enter 키 테스트"],"failureMessages":[],"fullName":"Tag UI 컴포넌트 기능 테스트 Enter 키 테스트 중복된 값이 이미 존재하는 경우, Enter를 눌러도 태그가 추가되지 않아야 합니다.","location":null,"status":"passed","title":"중복된 값이 이미 존재하는 경우, Enter를 눌러도 태그가 추가되지 않아야 합니다."},{"ancestorTitles":["Tag UI 컴포넌트 기능 테스트","Enter 키 테스트"],"failureMessages":[],"fullName":"Tag UI 컴포넌트 기능 테스트 Enter 키 테스트 새로운 태그가 추가되면 입력창은 초기화되어야 합니다.","location":null,"status":"passed","title":"새로운 태그가 추가되면 입력창은 초기화되어야 합니다."},{"ancestorTitles":["Tag UI 컴포넌트 기능 테스트","tags의 화면 출력과 제거 기능 테스트"],"failureMessages":[],"fullName":"Tag UI 컴포넌트 기능 테스트 tags의 화면 출력과 제거 기능 테스트 tags 배열의 모든 태그가 화면에 보여져야 합니다.","location":null,"status":"passed","title":"tags 배열의 모든 태그가 화면에 보여져야 합니다."},{"ancestorTitles":["Tag UI 컴포넌트 기능 테스트","tags의 화면 출력과 제거 기능 테스트"],"failureMessages":[],"fullName":"Tag UI 컴포넌트 기능 테스트 tags의 화면 출력과 제거 기능 테스트 tag 를 삭제할 수 있는 아이콘(x)이 있어야 하며, 해당 아이콘(x)을 클릭하면 removeTags 함수가 실행되어야 합니다.","location":null,"status":"passed","title":"tag 를 삭제할 수 있는 아이콘(x)이 있어야 하며, 해당 아이콘(x)을 클릭하면 removeTags 함수가 실행되어야 합니다."},{"ancestorTitles":["Tag UI 컴포넌트 기능 테스트","tags의 화면 출력과 제거 기능 테스트"],"failureMessages":[],"fullName":"Tag UI 컴포넌트 기능 테스트 tags의 화면 출력과 제거 기능 테스트 삭제 아이콘을 누르면 화면에서 Tag가 삭제되어야 합니다.","location":null,"status":"passed","title":"삭제 아이콘을 누르면 화면에서 Tag가 삭제되어야 합니다."}],"endTime":1687239128750,"message":"","name":"C:\\Users\\Admin\\Desktop\\코딩공부\\코드스테이츠\\week11\\fe-sprint-react-custom-component\\src\\components\\__tests__\\index.test.js","startTime":1687239125981,"status":"passed","summary":""}],"wasInterrupted":false}