{"numFailedTestSuites":0,"numFailedTests":0,"numPassedTestSuites":2,"numPassedTests":8,"numPendingTestSuites":0,"numPendingTests":0,"numRuntimeErrorTestSuites":0,"numTodoTests":0,"numTotalTestSuites":2,"numTotalTests":8,"openHandles":[],"snapshot":{"added":0,"didUpdate":false,"failure":false,"filesAdded":0,"filesRemoved":0,"filesRemovedList":[],"filesUnmatched":0,"filesUpdated":0,"matched":0,"total":0,"unchecked":0,"uncheckedKeysByFile":[],"unmatched":0,"updated":0},"startTime":1690518740062,"success":true,"testResults":[{"assertionResults":[{"ancestorTitles":["App rendering Event"],"failureMessages":[],"fullName":"App rendering Event App component has class name: todo-app","location":null,"status":"passed","title":"App component has class name: todo-app"},{"ancestorTitles":["App rendering Event"],"failureMessages":[],"fullName":"App rendering Event App component has child component: TodoForm","location":null,"status":"passed","title":"App component has child component: TodoForm"},{"ancestorTitles":["App rendering Event"],"failureMessages":[],"fullName":"App rendering Event App component has child component: Todo","location":null,"status":"passed","title":"App component has child component: Todo"},{"ancestorTitles":["No TypeScript Error"],"failureMessages":[],"fullName":"No TypeScript Error Should not have TypeScript Errors","location":null,"status":"passed","title":"Should not have TypeScript Errors"}],"endTime":1690518762975,"message":"","name":"C:\\Users\\Admin\\Desktop\\코딩공부\\코드스테이츠\\week15\\fe-sprint-typescript-porting\\src\\__test__\\App.test.js","startTime":1690518743277,"status":"passed","summary":""},{"assertionResults":[{"ancestorTitles":["App rendering Event"],"failureMessages":[],"fullName":"App rendering Event App component has class name: todo-app","location":null,"status":"passed","title":"App component has class name: todo-app"},{"ancestorTitles":["App rendering Event"],"failureMessages":[],"fullName":"App rendering Event App component has child component: TodoForm","location":null,"status":"passed","title":"App component has child component: TodoForm"},{"ancestorTitles":["App rendering Event"],"failureMessages":[],"fullName":"App rendering Event App component has child component: Todo","location":null,"status":"passed","title":"App component has child component: Todo"},{"ancestorTitles":["No TypeScript Error"],"failureMessages":[],"fullName":"No TypeScript Error Should not have TypeScript Errors","location":null,"status":"passed","title":"Should not have TypeScript Errors"}],"endTime":1690518763114,"message":"","name":"C:\\Users\\Admin\\Desktop\\코딩공부\\코드스테이츠\\week15\\fe-sprint-typescript-porting\\src\\__test__\\App.test.tsx","startTime":1690518743278,"status":"passed","summary":""}],"wasInterrupted":false}